{"name":"hexo","hostname":"USER-20160316PU","pid":40596,"level":20,"msg":"Hexo version: 3.2.2","time":"2017-03-22T03:27:05.962Z","v":0}
{"name":"hexo","hostname":"USER-20160316PU","pid":40596,"level":20,"msg":"Working directory: G:\\blog\\","time":"2017-03-22T03:27:05.967Z","v":0}
{"name":"hexo","hostname":"USER-20160316PU","pid":40596,"level":20,"msg":"Config loaded: G:\\blog\\_config.yml","time":"2017-03-22T03:27:06.284Z","v":0}
{"name":"hexo","hostname":"USER-20160316PU","pid":40596,"level":20,"msg":"Plugin loaded: hexo-generator-archive","time":"2017-03-22T03:27:06.313Z","v":0}
{"name":"hexo","hostname":"USER-20160316PU","pid":40596,"level":20,"msg":"Plugin loaded: hexo-generator-category","time":"2017-03-22T03:27:06.318Z","v":0}
{"name":"hexo","hostname":"USER-20160316PU","pid":40596,"level":20,"msg":"Plugin loaded: hexo-generator-index","time":"2017-03-22T03:27:06.323Z","v":0}
{"name":"hexo","hostname":"USER-20160316PU","pid":40596,"level":20,"msg":"Plugin loaded: hexo-generator-tag","time":"2017-03-22T03:27:06.326Z","v":0}
{"name":"hexo","hostname":"USER-20160316PU","pid":40596,"level":20,"msg":"Plugin loaded: hexo-renderer-ejs","time":"2017-03-22T03:27:06.333Z","v":0}
{"name":"hexo","hostname":"USER-20160316PU","pid":40596,"level":20,"msg":"Plugin loaded: hexo-renderer-stylus","time":"2017-03-22T03:27:06.336Z","v":0}
{"name":"hexo","hostname":"USER-20160316PU","pid":40596,"level":20,"msg":"Plugin loaded: hexo-renderer-marked","time":"2017-03-22T03:27:06.349Z","v":0}
{"name":"hexo","hostname":"USER-20160316PU","pid":40596,"level":20,"msg":"Plugin loaded: hexo-server","time":"2017-03-22T03:27:06.531Z","v":0}
{"name":"hexo","hostname":"USER-20160316PU","pid":40596,"level":20,"msg":"Script loaded: themes\\next\\scripts\\merge-configs.js","time":"2017-03-22T03:27:06.540Z","v":0}
{"name":"hexo","hostname":"USER-20160316PU","pid":40596,"level":20,"msg":"Script loaded: themes\\next\\scripts\\merge.js","time":"2017-03-22T03:27:06.552Z","v":0}
{"name":"hexo","hostname":"USER-20160316PU","pid":40596,"level":20,"msg":"Script loaded: themes\\next\\scripts\\tags\\button.js","time":"2017-03-22T03:27:06.554Z","v":0}
{"name":"hexo","hostname":"USER-20160316PU","pid":40596,"level":20,"msg":"Script loaded: themes\\next\\scripts\\tags\\center-quote.js","time":"2017-03-22T03:27:06.555Z","v":0}
{"name":"hexo","hostname":"USER-20160316PU","pid":40596,"level":20,"msg":"Script loaded: themes\\next\\scripts\\tags\\exturl.js","time":"2017-03-22T03:27:06.557Z","v":0}
{"name":"hexo","hostname":"USER-20160316PU","pid":40596,"level":20,"msg":"Script loaded: themes\\next\\scripts\\tags\\full-image.js","time":"2017-03-22T03:27:06.557Z","v":0}
{"name":"hexo","hostname":"USER-20160316PU","pid":40596,"level":20,"msg":"Script loaded: themes\\next\\scripts\\tags\\group-pictures.js","time":"2017-03-22T03:27:06.559Z","v":0}
{"name":"hexo","hostname":"USER-20160316PU","pid":40596,"level":20,"msg":"Script loaded: themes\\next\\scripts\\tags\\note.js","time":"2017-03-22T03:27:06.559Z","v":0}
{"name":"hexo","hostname":"USER-20160316PU","pid":40596,"level":20,"msg":"Loading database.","time":"2017-03-22T03:27:06.577Z","v":0}
{"name":"hexo","hostname":"USER-20160316PU","pid":40596,"level":30,"msg":"Start processing","time":"2017-03-22T03:27:06.654Z","v":0}
{"name":"hexo","hostname":"USER-20160316PU","pid":40596,"level":20,"msg":"Processed: _posts/hello-world.md","time":"2017-03-22T03:27:06.898Z","v":0}
{"name":"hexo","hostname":"USER-20160316PU","pid":40596,"level":20,"msg":"Processed: source/css/main.styl","time":"2017-03-22T03:27:06.963Z","v":0}
{"name":"hexo","hostname":"USER-20160316PU","pid":40596,"level":20,"msg":"Processed: source/images/algolia_logo.svg","time":"2017-03-22T03:27:06.964Z","v":0}
{"name":"hexo","hostname":"USER-20160316PU","pid":40596,"level":20,"msg":"Processed: source/images/avatar.gif","time":"2017-03-22T03:27:06.964Z","v":0}
{"name":"hexo","hostname":"USER-20160316PU","pid":40596,"level":20,"msg":"Processed: source/images/cc-by-nc-nd.svg","time":"2017-03-22T03:27:06.965Z","v":0}
{"name":"hexo","hostname":"USER-20160316PU","pid":40596,"level":20,"msg":"Processed: source/images/cc-by-nc-sa.svg","time":"2017-03-22T03:27:06.965Z","v":0}
{"name":"hexo","hostname":"USER-20160316PU","pid":40596,"level":20,"msg":"Processed: source/images/cc-by-nc.svg","time":"2017-03-22T03:27:06.966Z","v":0}
{"name":"hexo","hostname":"USER-20160316PU","pid":40596,"level":20,"msg":"Processed: source/images/cc-by-nd.svg","time":"2017-03-22T03:27:06.967Z","v":0}
{"name":"hexo","hostname":"USER-20160316PU","pid":40596,"level":20,"msg":"Processed: source/images/cc-by-sa.svg","time":"2017-03-22T03:27:06.967Z","v":0}
{"name":"hexo","hostname":"USER-20160316PU","pid":40596,"level":20,"msg":"Processed: source/images/cc-by.svg","time":"2017-03-22T03:27:06.967Z","v":0}
{"name":"hexo","hostname":"USER-20160316PU","pid":40596,"level":20,"msg":"Processed: source/images/cc-zero.svg","time":"2017-03-22T03:27:06.968Z","v":0}
{"name":"hexo","hostname":"USER-20160316PU","pid":40596,"level":20,"msg":"Processed: source/images/loading.gif","time":"2017-03-22T03:27:06.968Z","v":0}
{"name":"hexo","hostname":"USER-20160316PU","pid":40596,"level":20,"msg":"Processed: source/images/placeholder.gif","time":"2017-03-22T03:27:06.968Z","v":0}
{"name":"hexo","hostname":"USER-20160316PU","pid":40596,"level":20,"msg":"Processed: source/images/quote-l.svg","time":"2017-03-22T03:27:06.969Z","v":0}
{"name":"hexo","hostname":"USER-20160316PU","pid":40596,"level":20,"msg":"Processed: source/images/quote-r.svg","time":"2017-03-22T03:27:06.975Z","v":0}
{"name":"hexo","hostname":"USER-20160316PU","pid":40596,"level":20,"msg":"Processed: source/images/searchicon.png","time":"2017-03-22T03:27:06.975Z","v":0}
{"name":"hexo","hostname":"USER-20160316PU","pid":40596,"level":20,"msg":"Theme config loaded.","time":"2017-03-22T03:27:07.008Z","v":0}
{"name":"hexo","hostname":"USER-20160316PU","pid":40596,"level":20,"msg":"Processed: _config.yml","time":"2017-03-22T03:27:07.009Z","v":0}
{"name":"hexo","hostname":"USER-20160316PU","pid":40596,"level":20,"msg":"Processed: layout/_layout.swig","time":"2017-03-22T03:27:07.316Z","v":0}
{"name":"hexo","hostname":"USER-20160316PU","pid":40596,"level":20,"msg":"Processed: layout/archive.swig","time":"2017-03-22T03:27:07.316Z","v":0}
{"name":"hexo","hostname":"USER-20160316PU","pid":40596,"level":20,"msg":"Processed: layout/category.swig","time":"2017-03-22T03:27:07.316Z","v":0}
{"name":"hexo","hostname":"USER-20160316PU","pid":40596,"level":20,"msg":"Processed: layout/index.swig","time":"2017-03-22T03:27:07.316Z","v":0}
{"name":"hexo","hostname":"USER-20160316PU","pid":40596,"level":20,"msg":"Processed: layout/page.swig","time":"2017-03-22T03:27:07.316Z","v":0}
{"name":"hexo","hostname":"USER-20160316PU","pid":40596,"level":20,"msg":"Processed: layout/post.swig","time":"2017-03-22T03:27:07.316Z","v":0}
{"name":"hexo","hostname":"USER-20160316PU","pid":40596,"level":20,"msg":"Processed: languages/de.yml","time":"2017-03-22T03:27:07.319Z","v":0}
{"name":"hexo","hostname":"USER-20160316PU","pid":40596,"level":20,"msg":"Processed: languages/default.yml","time":"2017-03-22T03:27:07.319Z","v":0}
{"name":"hexo","hostname":"USER-20160316PU","pid":40596,"level":20,"msg":"Processed: languages/en.yml","time":"2017-03-22T03:27:07.319Z","v":0}
{"name":"hexo","hostname":"USER-20160316PU","pid":40596,"level":20,"msg":"Processed: languages/fr-FR.yml","time":"2017-03-22T03:27:07.319Z","v":0}
{"name":"hexo","hostname":"USER-20160316PU","pid":40596,"level":20,"msg":"Processed: languages/id.yml","time":"2017-03-22T03:27:07.319Z","v":0}
{"name":"hexo","hostname":"USER-20160316PU","pid":40596,"level":20,"msg":"Processed: languages/ja.yml","time":"2017-03-22T03:27:07.319Z","v":0}
{"name":"hexo","hostname":"USER-20160316PU","pid":40596,"level":20,"msg":"Processed: languages/ko.yml","time":"2017-03-22T03:27:07.319Z","v":0}
{"name":"hexo","hostname":"USER-20160316PU","pid":40596,"level":20,"msg":"Processed: languages/pt-BR.yml","time":"2017-03-22T03:27:07.319Z","v":0}
{"name":"hexo","hostname":"USER-20160316PU","pid":40596,"level":20,"msg":"Processed: languages/pt.yml","time":"2017-03-22T03:27:07.319Z","v":0}
{"name":"hexo","hostname":"USER-20160316PU","pid":40596,"level":20,"msg":"Processed: languages/ru.yml","time":"2017-03-22T03:27:07.319Z","v":0}
{"name":"hexo","hostname":"USER-20160316PU","pid":40596,"level":20,"msg":"Processed: languages/zh-Hans.yml","time":"2017-03-22T03:27:07.319Z","v":0}
{"name":"hexo","hostname":"USER-20160316PU","pid":40596,"level":20,"msg":"Processed: languages/zh-hk.yml","time":"2017-03-22T03:27:07.319Z","v":0}
{"name":"hexo","hostname":"USER-20160316PU","pid":40596,"level":20,"msg":"Processed: languages/zh-tw.yml","time":"2017-03-22T03:27:07.320Z","v":0}
{"name":"hexo","hostname":"USER-20160316PU","pid":40596,"level":20,"msg":"Processed: source/js/src/affix.js","time":"2017-03-22T03:27:07.338Z","v":0}
{"name":"hexo","hostname":"USER-20160316PU","pid":40596,"level":20,"msg":"Processed: source/js/src/bootstrap.js","time":"2017-03-22T03:27:07.338Z","v":0}
{"name":"hexo","hostname":"USER-20160316PU","pid":40596,"level":20,"msg":"Processed: source/js/src/algolia-search.js","time":"2017-03-22T03:27:07.338Z","v":0}
{"name":"hexo","hostname":"USER-20160316PU","pid":40596,"level":20,"msg":"Processed: source/js/src/exturl.js","time":"2017-03-22T03:27:07.339Z","v":0}
{"name":"hexo","hostname":"USER-20160316PU","pid":40596,"level":20,"msg":"Processed: source/js/src/hook-duoshuo.js","time":"2017-03-22T03:27:07.339Z","v":0}
{"name":"hexo","hostname":"USER-20160316PU","pid":40596,"level":20,"msg":"Processed: source/js/src/motion.js","time":"2017-03-22T03:27:07.340Z","v":0}
{"name":"hexo","hostname":"USER-20160316PU","pid":40596,"level":20,"msg":"Processed: source/js/src/post-details.js","time":"2017-03-22T03:27:07.340Z","v":0}
{"name":"hexo","hostname":"USER-20160316PU","pid":40596,"level":20,"msg":"Processed: source/js/src/scrollspy.js","time":"2017-03-22T03:27:07.340Z","v":0}
{"name":"hexo","hostname":"USER-20160316PU","pid":40596,"level":20,"msg":"Processed: source/js/src/utils.js","time":"2017-03-22T03:27:07.341Z","v":0}
{"name":"hexo","hostname":"USER-20160316PU","pid":40596,"level":20,"msg":"Processed: source/lib/algolia-instant-search/instantsearch.min.css","time":"2017-03-22T03:27:07.341Z","v":0}
{"name":"hexo","hostname":"USER-20160316PU","pid":40596,"level":20,"msg":"Processed: source/lib/canvas-nest/canvas-nest.min.js","time":"2017-03-22T03:27:07.341Z","v":0}
{"name":"hexo","hostname":"USER-20160316PU","pid":40596,"level":20,"msg":"Processed: source/lib/fastclick/LICENSE","time":"2017-03-22T03:27:07.348Z","v":0}
{"name":"hexo","hostname":"USER-20160316PU","pid":40596,"level":20,"msg":"Processed: source/lib/fastclick/README.md","time":"2017-03-22T03:27:07.349Z","v":0}
{"name":"hexo","hostname":"USER-20160316PU","pid":40596,"level":20,"msg":"Processed: source/lib/fastclick/bower.json","time":"2017-03-22T03:27:07.349Z","v":0}
{"name":"hexo","hostname":"USER-20160316PU","pid":40596,"level":20,"msg":"Processed: source/lib/font-awesome/HELP-US-OUT.txt","time":"2017-03-22T03:27:07.350Z","v":0}
{"name":"hexo","hostname":"USER-20160316PU","pid":40596,"level":20,"msg":"Processed: source/lib/font-awesome/bower.json","time":"2017-03-22T03:27:07.350Z","v":0}
{"name":"hexo","hostname":"USER-20160316PU","pid":40596,"level":20,"msg":"Processed: source/lib/jquery_lazyload/CONTRIBUTING.md","time":"2017-03-22T03:27:07.351Z","v":0}
{"name":"hexo","hostname":"USER-20160316PU","pid":40596,"level":20,"msg":"Processed: source/lib/jquery_lazyload/README.md","time":"2017-03-22T03:27:07.351Z","v":0}
{"name":"hexo","hostname":"USER-20160316PU","pid":40596,"level":20,"msg":"Processed: source/lib/jquery_lazyload/bower.json","time":"2017-03-22T03:27:07.351Z","v":0}
{"name":"hexo","hostname":"USER-20160316PU","pid":40596,"level":20,"msg":"Processed: source/lib/jquery_lazyload/jquery.lazyload.js","time":"2017-03-22T03:27:07.352Z","v":0}
{"name":"hexo","hostname":"USER-20160316PU","pid":40596,"level":20,"msg":"Processed: source/lib/jquery_lazyload/jquery.scrollstop.js","time":"2017-03-22T03:27:07.352Z","v":0}
{"name":"hexo","hostname":"USER-20160316PU","pid":40596,"level":20,"msg":"Processed: source/lib/velocity/bower.json","time":"2017-03-22T03:27:07.352Z","v":0}
{"name":"hexo","hostname":"USER-20160316PU","pid":40596,"level":20,"msg":"Processed: source/lib/velocity/velocity.min.js","time":"2017-03-22T03:27:07.352Z","v":0}
{"name":"hexo","hostname":"USER-20160316PU","pid":40596,"level":20,"msg":"Processed: source/lib/velocity/velocity.ui.js","time":"2017-03-22T03:27:07.353Z","v":0}
{"name":"hexo","hostname":"USER-20160316PU","pid":40596,"level":20,"msg":"Processed: source/lib/velocity/velocity.ui.min.js","time":"2017-03-22T03:27:07.353Z","v":0}
{"name":"hexo","hostname":"USER-20160316PU","pid":40596,"level":20,"msg":"Processed: layout/schedule.swig","time":"2017-03-22T03:27:07.405Z","v":0}
{"name":"hexo","hostname":"USER-20160316PU","pid":40596,"level":20,"msg":"Processed: layout/tag.swig","time":"2017-03-22T03:27:07.405Z","v":0}
{"name":"hexo","hostname":"USER-20160316PU","pid":40596,"level":20,"msg":"Processed: source/lib/jquery/index.js","time":"2017-03-22T03:27:07.405Z","v":0}
{"name":"hexo","hostname":"USER-20160316PU","pid":40596,"level":20,"msg":"Processed: layout/_custom/header.swig","time":"2017-03-22T03:27:07.487Z","v":0}
{"name":"hexo","hostname":"USER-20160316PU","pid":40596,"level":20,"msg":"Processed: layout/_custom/sidebar.swig","time":"2017-03-22T03:27:07.487Z","v":0}
{"name":"hexo","hostname":"USER-20160316PU","pid":40596,"level":20,"msg":"Processed: layout/_macro/post-collapse.swig","time":"2017-03-22T03:27:07.487Z","v":0}
{"name":"hexo","hostname":"USER-20160316PU","pid":40596,"level":20,"msg":"Processed: layout/_macro/post-copyright.swig","time":"2017-03-22T03:27:07.487Z","v":0}
{"name":"hexo","hostname":"USER-20160316PU","pid":40596,"level":20,"msg":"Processed: layout/_macro/post.swig","time":"2017-03-22T03:27:07.487Z","v":0}
{"name":"hexo","hostname":"USER-20160316PU","pid":40596,"level":20,"msg":"Processed: layout/_macro/reward.swig","time":"2017-03-22T03:27:07.487Z","v":0}
{"name":"hexo","hostname":"USER-20160316PU","pid":40596,"level":20,"msg":"Processed: layout/_macro/sidebar.swig","time":"2017-03-22T03:27:07.488Z","v":0}
{"name":"hexo","hostname":"USER-20160316PU","pid":40596,"level":20,"msg":"Processed: layout/_macro/wechat-subscriber.swig","time":"2017-03-22T03:27:07.488Z","v":0}
{"name":"hexo","hostname":"USER-20160316PU","pid":40596,"level":20,"msg":"Processed: layout/_partials/comments.swig","time":"2017-03-22T03:27:07.488Z","v":0}
{"name":"hexo","hostname":"USER-20160316PU","pid":40596,"level":20,"msg":"Processed: layout/_partials/footer.swig","time":"2017-03-22T03:27:07.488Z","v":0}
{"name":"hexo","hostname":"USER-20160316PU","pid":40596,"level":20,"msg":"Processed: layout/_partials/head.swig","time":"2017-03-22T03:27:07.488Z","v":0}
{"name":"hexo","hostname":"USER-20160316PU","pid":40596,"level":20,"msg":"Processed: layout/_partials/header.swig","time":"2017-03-22T03:27:07.488Z","v":0}
{"name":"hexo","hostname":"USER-20160316PU","pid":40596,"level":20,"msg":"Processed: layout/_partials/page-header.swig","time":"2017-03-22T03:27:07.488Z","v":0}
{"name":"hexo","hostname":"USER-20160316PU","pid":40596,"level":20,"msg":"Processed: layout/_partials/pagination.swig","time":"2017-03-22T03:27:07.488Z","v":0}
{"name":"hexo","hostname":"USER-20160316PU","pid":40596,"level":20,"msg":"Processed: layout/_partials/search.swig","time":"2017-03-22T03:27:07.488Z","v":0}
{"name":"hexo","hostname":"USER-20160316PU","pid":40596,"level":20,"msg":"Processed: layout/_scripts/boostrap.swig","time":"2017-03-22T03:27:07.489Z","v":0}
{"name":"hexo","hostname":"USER-20160316PU","pid":40596,"level":20,"msg":"Processed: layout/_scripts/commons.swig","time":"2017-03-22T03:27:07.489Z","v":0}
{"name":"hexo","hostname":"USER-20160316PU","pid":40596,"level":20,"msg":"Processed: layout/_scripts/vendors.swig","time":"2017-03-22T03:27:07.489Z","v":0}
{"name":"hexo","hostname":"USER-20160316PU","pid":40596,"level":20,"msg":"Processed: layout/_third-party/duoshuo-hot-articles.swig","time":"2017-03-22T03:27:07.489Z","v":0}
{"name":"hexo","hostname":"USER-20160316PU","pid":40596,"level":20,"msg":"Processed: layout/_third-party/exturl.swig","time":"2017-03-22T03:27:07.489Z","v":0}
{"name":"hexo","hostname":"USER-20160316PU","pid":40596,"level":20,"msg":"Processed: layout/_third-party/mathjax.swig","time":"2017-03-22T03:27:07.489Z","v":0}
{"name":"hexo","hostname":"USER-20160316PU","pid":40596,"level":20,"msg":"Processed: layout/_third-party/schedule.swig","time":"2017-03-22T03:27:07.489Z","v":0}
{"name":"hexo","hostname":"USER-20160316PU","pid":40596,"level":20,"msg":"Processed: source/js/src/schemes/pisces.js","time":"2017-03-22T03:27:07.493Z","v":0}
{"name":"hexo","hostname":"USER-20160316PU","pid":40596,"level":20,"msg":"Processed: source/lib/fancybox/source/blank.gif","time":"2017-03-22T03:27:07.494Z","v":0}
{"name":"hexo","hostname":"USER-20160316PU","pid":40596,"level":20,"msg":"Processed: source/lib/fancybox/source/fancybox_loading.gif","time":"2017-03-22T03:27:07.494Z","v":0}
{"name":"hexo","hostname":"USER-20160316PU","pid":40596,"level":20,"msg":"Processed: source/lib/fancybox/source/fancybox_loading@2x.gif","time":"2017-03-22T03:27:07.494Z","v":0}
{"name":"hexo","hostname":"USER-20160316PU","pid":40596,"level":20,"msg":"Processed: source/lib/fancybox/source/fancybox_overlay.png","time":"2017-03-22T03:27:07.495Z","v":0}
{"name":"hexo","hostname":"USER-20160316PU","pid":40596,"level":20,"msg":"Processed: source/lib/fancybox/source/fancybox_sprite.png","time":"2017-03-22T03:27:07.495Z","v":0}
{"name":"hexo","hostname":"USER-20160316PU","pid":40596,"level":20,"msg":"Processed: source/lib/fancybox/source/fancybox_sprite@2x.png","time":"2017-03-22T03:27:07.496Z","v":0}
{"name":"hexo","hostname":"USER-20160316PU","pid":40596,"level":20,"msg":"Processed: source/lib/fancybox/source/jquery.fancybox.css","time":"2017-03-22T03:27:07.496Z","v":0}
{"name":"hexo","hostname":"USER-20160316PU","pid":40596,"level":20,"msg":"Processed: source/lib/fancybox/source/jquery.fancybox.js","time":"2017-03-22T03:27:07.497Z","v":0}
{"name":"hexo","hostname":"USER-20160316PU","pid":40596,"level":20,"msg":"Processed: source/lib/fancybox/source/jquery.fancybox.pack.js","time":"2017-03-22T03:27:07.497Z","v":0}
{"name":"hexo","hostname":"USER-20160316PU","pid":40596,"level":20,"msg":"Processed: source/lib/fastclick/lib/fastclick.js","time":"2017-03-22T03:27:07.498Z","v":0}
{"name":"hexo","hostname":"USER-20160316PU","pid":40596,"level":20,"msg":"Processed: source/lib/fastclick/lib/fastclick.min.js","time":"2017-03-22T03:27:07.498Z","v":0}
{"name":"hexo","hostname":"USER-20160316PU","pid":40596,"level":20,"msg":"Processed: source/lib/font-awesome/css/font-awesome.css","time":"2017-03-22T03:27:07.499Z","v":0}
{"name":"hexo","hostname":"USER-20160316PU","pid":40596,"level":20,"msg":"Processed: source/lib/font-awesome/css/font-awesome.css.map","time":"2017-03-22T03:27:07.499Z","v":0}
{"name":"hexo","hostname":"USER-20160316PU","pid":40596,"level":20,"msg":"Processed: source/lib/font-awesome/css/font-awesome.min.css","time":"2017-03-22T03:27:07.500Z","v":0}
{"name":"hexo","hostname":"USER-20160316PU","pid":40596,"level":20,"msg":"Processed: source/lib/ua-parser-js/dist/ua-parser.min.js","time":"2017-03-22T03:27:07.500Z","v":0}
{"name":"hexo","hostname":"USER-20160316PU","pid":40596,"level":20,"msg":"Processed: source/lib/ua-parser-js/dist/ua-parser.pack.js","time":"2017-03-22T03:27:07.500Z","v":0}
{"name":"hexo","hostname":"USER-20160316PU","pid":40596,"level":20,"msg":"Processed: layout/_scripts/schemes/muse.swig","time":"2017-03-22T03:27:07.509Z","v":0}
{"name":"hexo","hostname":"USER-20160316PU","pid":40596,"level":20,"msg":"Processed: layout/_scripts/schemes/mist.swig","time":"2017-03-22T03:27:07.509Z","v":0}
{"name":"hexo","hostname":"USER-20160316PU","pid":40596,"level":20,"msg":"Processed: source/lib/font-awesome/fonts/fontawesome-webfont.woff","time":"2017-03-22T03:27:07.510Z","v":0}
{"name":"hexo","hostname":"USER-20160316PU","pid":40596,"level":20,"msg":"Processed: source/lib/font-awesome/fonts/fontawesome-webfont.woff2","time":"2017-03-22T03:27:07.510Z","v":0}
{"name":"hexo","hostname":"USER-20160316PU","pid":40596,"level":20,"msg":"Processed: source/lib/velocity/velocity.js","time":"2017-03-22T03:27:07.510Z","v":0}
{"name":"hexo","hostname":"USER-20160316PU","pid":40596,"level":20,"msg":"Processed: layout/_partials/head/custom-head.swig","time":"2017-03-22T03:27:07.557Z","v":0}
{"name":"hexo","hostname":"USER-20160316PU","pid":40596,"level":20,"msg":"Processed: layout/_partials/head/external-fonts.swig","time":"2017-03-22T03:27:07.557Z","v":0}
{"name":"hexo","hostname":"USER-20160316PU","pid":40596,"level":20,"msg":"Processed: layout/_partials/search/swiftype.swig","time":"2017-03-22T03:27:07.558Z","v":0}
{"name":"hexo","hostname":"USER-20160316PU","pid":40596,"level":20,"msg":"Processed: layout/_partials/search/localsearch.swig","time":"2017-03-22T03:27:07.559Z","v":0}
{"name":"hexo","hostname":"USER-20160316PU","pid":40596,"level":20,"msg":"Processed: layout/_partials/search/tinysou.swig","time":"2017-03-22T03:27:07.559Z","v":0}
{"name":"hexo","hostname":"USER-20160316PU","pid":40596,"level":20,"msg":"Processed: layout/_partials/share/add-this.swig","time":"2017-03-22T03:27:07.559Z","v":0}
{"name":"hexo","hostname":"USER-20160316PU","pid":40596,"level":20,"msg":"Processed: layout/_partials/share/baidushare.swig","time":"2017-03-22T03:27:07.559Z","v":0}
{"name":"hexo","hostname":"USER-20160316PU","pid":40596,"level":20,"msg":"Processed: layout/_partials/share/duoshuo_share.swig","time":"2017-03-22T03:27:07.559Z","v":0}
{"name":"hexo","hostname":"USER-20160316PU","pid":40596,"level":20,"msg":"Processed: layout/_partials/share/jiathis.swig","time":"2017-03-22T03:27:07.559Z","v":0}
{"name":"hexo","hostname":"USER-20160316PU","pid":40596,"level":20,"msg":"Processed: layout/_scripts/pages/post-details.swig","time":"2017-03-22T03:27:07.559Z","v":0}
{"name":"hexo","hostname":"USER-20160316PU","pid":40596,"level":20,"msg":"Processed: layout/_scripts/schemes/pisces.swig","time":"2017-03-22T03:27:07.559Z","v":0}
{"name":"hexo","hostname":"USER-20160316PU","pid":40596,"level":20,"msg":"Processed: layout/_third-party/analytics/application-insights.swig","time":"2017-03-22T03:27:07.559Z","v":0}
{"name":"hexo","hostname":"USER-20160316PU","pid":40596,"level":20,"msg":"Processed: layout/_third-party/analytics/baidu-analytics.swig","time":"2017-03-22T03:27:07.559Z","v":0}
{"name":"hexo","hostname":"USER-20160316PU","pid":40596,"level":20,"msg":"Processed: layout/_third-party/analytics/busuanzi-counter.swig","time":"2017-03-22T03:27:07.559Z","v":0}
{"name":"hexo","hostname":"USER-20160316PU","pid":40596,"level":20,"msg":"Processed: layout/_third-party/analytics/cnzz-analytics.swig","time":"2017-03-22T03:27:07.559Z","v":0}
{"name":"hexo","hostname":"USER-20160316PU","pid":40596,"level":20,"msg":"Processed: layout/_third-party/analytics/google-analytics.swig","time":"2017-03-22T03:27:07.559Z","v":0}
{"name":"hexo","hostname":"USER-20160316PU","pid":40596,"level":20,"msg":"Processed: layout/_third-party/analytics/facebook-sdk.swig","time":"2017-03-22T03:27:07.559Z","v":0}
{"name":"hexo","hostname":"USER-20160316PU","pid":40596,"level":20,"msg":"Processed: layout/_third-party/analytics/index.swig","time":"2017-03-22T03:27:07.559Z","v":0}
{"name":"hexo","hostname":"USER-20160316PU","pid":40596,"level":20,"msg":"Processed: layout/_third-party/analytics/tencent-analytics.swig","time":"2017-03-22T03:27:07.559Z","v":0}
{"name":"hexo","hostname":"USER-20160316PU","pid":40596,"level":20,"msg":"Processed: layout/_third-party/analytics/lean-analytics.swig","time":"2017-03-22T03:27:07.560Z","v":0}
{"name":"hexo","hostname":"USER-20160316PU","pid":40596,"level":20,"msg":"Processed: layout/_third-party/analytics/tencent-mta.swig","time":"2017-03-22T03:27:07.560Z","v":0}
{"name":"hexo","hostname":"USER-20160316PU","pid":40596,"level":20,"msg":"Processed: layout/_third-party/analytics/vkontakte-api.swig","time":"2017-03-22T03:27:07.560Z","v":0}
{"name":"hexo","hostname":"USER-20160316PU","pid":40596,"level":20,"msg":"Processed: layout/_third-party/comments/changyan.swig","time":"2017-03-22T03:27:07.560Z","v":0}
{"name":"hexo","hostname":"USER-20160316PU","pid":40596,"level":20,"msg":"Processed: layout/_third-party/comments/disqus.swig","time":"2017-03-22T03:27:07.560Z","v":0}
{"name":"hexo","hostname":"USER-20160316PU","pid":40596,"level":20,"msg":"Processed: layout/_third-party/comments/duoshuo.swig","time":"2017-03-22T03:27:07.560Z","v":0}
{"name":"hexo","hostname":"USER-20160316PU","pid":40596,"level":20,"msg":"Processed: layout/_third-party/comments/gentie.swig","time":"2017-03-22T03:27:07.560Z","v":0}
{"name":"hexo","hostname":"USER-20160316PU","pid":40596,"level":20,"msg":"Processed: layout/_third-party/comments/hypercomments.swig","time":"2017-03-22T03:27:07.560Z","v":0}
{"name":"hexo","hostname":"USER-20160316PU","pid":40596,"level":20,"msg":"Processed: layout/_third-party/comments/index.swig","time":"2017-03-22T03:27:07.560Z","v":0}
{"name":"hexo","hostname":"USER-20160316PU","pid":40596,"level":20,"msg":"Processed: layout/_third-party/comments/livere.swig","time":"2017-03-22T03:27:07.560Z","v":0}
{"name":"hexo","hostname":"USER-20160316PU","pid":40596,"level":20,"msg":"Processed: layout/_third-party/comments/youyan.swig","time":"2017-03-22T03:27:07.560Z","v":0}
{"name":"hexo","hostname":"USER-20160316PU","pid":40596,"level":20,"msg":"Processed: layout/_third-party/search/index.swig","time":"2017-03-22T03:27:07.560Z","v":0}
{"name":"hexo","hostname":"USER-20160316PU","pid":40596,"level":20,"msg":"Processed: layout/_third-party/search/localsearch.swig","time":"2017-03-22T03:27:07.560Z","v":0}
{"name":"hexo","hostname":"USER-20160316PU","pid":40596,"level":20,"msg":"Processed: layout/_third-party/search/tinysou.swig","time":"2017-03-22T03:27:07.560Z","v":0}
{"name":"hexo","hostname":"USER-20160316PU","pid":40596,"level":20,"msg":"Processed: layout/_third-party/seo/baidu-push.swig","time":"2017-03-22T03:27:07.560Z","v":0}
{"name":"hexo","hostname":"USER-20160316PU","pid":40596,"level":20,"msg":"Processed: source/lib/fancybox/source/helpers/fancybox_buttons.png","time":"2017-03-22T03:27:07.585Z","v":0}
{"name":"hexo","hostname":"USER-20160316PU","pid":40596,"level":20,"msg":"Processed: source/lib/fancybox/source/helpers/jquery.fancybox-buttons.css","time":"2017-03-22T03:27:07.585Z","v":0}
{"name":"hexo","hostname":"USER-20160316PU","pid":40596,"level":20,"msg":"Processed: source/lib/fancybox/source/helpers/jquery.fancybox-buttons.js","time":"2017-03-22T03:27:07.586Z","v":0}
{"name":"hexo","hostname":"USER-20160316PU","pid":40596,"level":20,"msg":"Processed: source/lib/fancybox/source/helpers/jquery.fancybox-media.js","time":"2017-03-22T03:27:07.587Z","v":0}
{"name":"hexo","hostname":"USER-20160316PU","pid":40596,"level":20,"msg":"Processed: source/lib/fancybox/source/helpers/jquery.fancybox-thumbs.css","time":"2017-03-22T03:27:07.587Z","v":0}
{"name":"hexo","hostname":"USER-20160316PU","pid":40596,"level":20,"msg":"Processed: source/lib/fancybox/source/helpers/jquery.fancybox-thumbs.js","time":"2017-03-22T03:27:07.587Z","v":0}
{"name":"hexo","hostname":"USER-20160316PU","pid":40596,"level":20,"msg":"Processed: source/lib/font-awesome/fonts/FontAwesome.otf","time":"2017-03-22T03:27:07.587Z","v":0}
{"name":"hexo","hostname":"USER-20160316PU","pid":40596,"level":20,"msg":"Processed: source/lib/font-awesome/fonts/fontawesome-webfont.eot","time":"2017-03-22T03:27:07.588Z","v":0}
{"name":"hexo","hostname":"USER-20160316PU","pid":40596,"level":20,"msg":"Processed: source/lib/font-awesome/fonts/fontawesome-webfont.ttf","time":"2017-03-22T03:27:07.588Z","v":0}
{"name":"hexo","hostname":"USER-20160316PU","pid":40596,"level":20,"msg":"Processed: layout/_third-party/search/algolia-search/assets.swig","time":"2017-03-22T03:27:07.592Z","v":0}
{"name":"hexo","hostname":"USER-20160316PU","pid":40596,"level":20,"msg":"Processed: source/lib/algolia-instant-search/instantsearch.min.js","time":"2017-03-22T03:27:07.593Z","v":0}
{"name":"hexo","hostname":"USER-20160316PU","pid":40596,"level":20,"msg":"Processed: layout/_third-party/search/algolia-search/dom.swig","time":"2017-03-22T03:27:07.595Z","v":0}
{"name":"hexo","hostname":"USER-20160316PU","pid":40596,"level":20,"msg":"Processed: source/lib/font-awesome/fonts/fontawesome-webfont.svg","time":"2017-03-22T03:27:07.601Z","v":0}
{"name":"hexo","hostname":"USER-20160316PU","pid":40596,"level":20,"msg":"Generator: page","time":"2017-03-22T03:27:07.902Z","v":0}
{"name":"hexo","hostname":"USER-20160316PU","pid":40596,"level":20,"msg":"Generator: post","time":"2017-03-22T03:27:07.902Z","v":0}
{"name":"hexo","hostname":"USER-20160316PU","pid":40596,"level":20,"msg":"Generator: archive","time":"2017-03-22T03:27:07.902Z","v":0}
{"name":"hexo","hostname":"USER-20160316PU","pid":40596,"level":20,"msg":"Generator: category","time":"2017-03-22T03:27:07.902Z","v":0}
{"name":"hexo","hostname":"USER-20160316PU","pid":40596,"level":20,"msg":"Generator: index","time":"2017-03-22T03:27:07.902Z","v":0}
{"name":"hexo","hostname":"USER-20160316PU","pid":40596,"level":20,"msg":"Generator: tag","time":"2017-03-22T03:27:07.902Z","v":0}
{"name":"hexo","hostname":"USER-20160316PU","pid":40596,"level":20,"msg":"Generator: asset","time":"2017-03-22T03:27:07.904Z","v":0}
{"name":"hexo","hostname":"USER-20160316PU","pid":40596,"level":30,"msg":"Hexo is running at http://localhost:4000/. Press Ctrl+C to stop.","time":"2017-03-22T03:27:07.912Z","v":0}
{"name":"hexo","hostname":"USER-20160316PU","pid":40596,"level":20,"msg":"Database saved","time":"2017-03-22T03:27:07.935Z","v":0}
{"name":"hexo","hostname":"USER-20160316PU","pid":40596,"level":20,"msg":"Rendering index: index.html","time":"2017-03-22T03:27:23.367Z","v":0}
{"name":"hexo","hostname":"USER-20160316PU","pid":40596,"level":20,"msg":"Rendering index: index.html","time":"2017-03-22T03:28:22.417Z","v":0}
{"name":"hexo","hostname":"USER-20160316PU","pid":42772,"level":20,"msg":"Hexo version: 3.2.2","time":"2017-03-22T03:28:32.258Z","v":0}
{"name":"hexo","hostname":"USER-20160316PU","pid":42772,"level":20,"msg":"Working directory: G:\\blog\\","time":"2017-03-22T03:28:32.262Z","v":0}
{"name":"hexo","hostname":"USER-20160316PU","pid":42772,"level":20,"msg":"Config loaded: G:\\blog\\_config.yml","time":"2017-03-22T03:28:32.616Z","v":0}
{"name":"hexo","hostname":"USER-20160316PU","pid":42772,"level":20,"msg":"Plugin loaded: hexo-generator-archive","time":"2017-03-22T03:28:32.652Z","v":0}
{"name":"hexo","hostname":"USER-20160316PU","pid":42772,"level":20,"msg":"Plugin loaded: hexo-generator-category","time":"2017-03-22T03:28:32.657Z","v":0}
{"name":"hexo","hostname":"USER-20160316PU","pid":42772,"level":20,"msg":"Plugin loaded: hexo-generator-index","time":"2017-03-22T03:28:32.661Z","v":0}
{"name":"hexo","hostname":"USER-20160316PU","pid":42772,"level":20,"msg":"Plugin loaded: hexo-generator-tag","time":"2017-03-22T03:28:32.665Z","v":0}
{"name":"hexo","hostname":"USER-20160316PU","pid":42772,"level":20,"msg":"Plugin loaded: hexo-renderer-ejs","time":"2017-03-22T03:28:32.673Z","v":0}
{"name":"hexo","hostname":"USER-20160316PU","pid":42772,"level":20,"msg":"Plugin loaded: hexo-renderer-stylus","time":"2017-03-22T03:28:32.676Z","v":0}
{"name":"hexo","hostname":"USER-20160316PU","pid":42772,"level":20,"msg":"Plugin loaded: hexo-server","time":"2017-03-22T03:28:32.862Z","v":0}
{"name":"hexo","hostname":"USER-20160316PU","pid":42772,"level":20,"msg":"Script loaded: themes\\next\\scripts\\merge-configs.js","time":"2017-03-22T03:28:32.872Z","v":0}
{"name":"hexo","hostname":"USER-20160316PU","pid":42772,"level":20,"msg":"Script loaded: themes\\next\\scripts\\tags\\button.js","time":"2017-03-22T03:28:32.873Z","v":0}
{"name":"hexo","hostname":"USER-20160316PU","pid":42772,"level":20,"msg":"Script loaded: themes\\next\\scripts\\merge.js","time":"2017-03-22T03:28:32.880Z","v":0}
{"name":"hexo","hostname":"USER-20160316PU","pid":42772,"level":20,"msg":"Script loaded: themes\\next\\scripts\\tags\\center-quote.js","time":"2017-03-22T03:28:32.880Z","v":0}
{"name":"hexo","hostname":"USER-20160316PU","pid":42772,"level":20,"msg":"Script loaded: themes\\next\\scripts\\tags\\exturl.js","time":"2017-03-22T03:28:32.883Z","v":0}
{"name":"hexo","hostname":"USER-20160316PU","pid":42772,"level":20,"msg":"Script loaded: themes\\next\\scripts\\tags\\full-image.js","time":"2017-03-22T03:28:32.884Z","v":0}
{"name":"hexo","hostname":"USER-20160316PU","pid":42772,"level":20,"msg":"Script loaded: themes\\next\\scripts\\tags\\group-pictures.js","time":"2017-03-22T03:28:32.886Z","v":0}
{"name":"hexo","hostname":"USER-20160316PU","pid":42772,"level":20,"msg":"Script loaded: themes\\next\\scripts\\tags\\note.js","time":"2017-03-22T03:28:32.886Z","v":0}
{"name":"hexo","hostname":"USER-20160316PU","pid":42772,"level":20,"msg":"Plugin loaded: hexo-renderer-marked","time":"2017-03-22T03:28:32.908Z","v":0}
{"name":"hexo","hostname":"USER-20160316PU","pid":42772,"level":20,"msg":"Loading database.","time":"2017-03-22T03:28:32.926Z","v":0}
{"name":"hexo","hostname":"USER-20160316PU","pid":42772,"level":30,"msg":"Start processing","time":"2017-03-22T03:28:33.027Z","v":0}
{"name":"hexo","hostname":"USER-20160316PU","pid":42772,"level":20,"msg":"Processed: _posts/hello-world.md","time":"2017-03-22T03:28:33.175Z","v":0}
{"name":"hexo","hostname":"USER-20160316PU","pid":42772,"level":20,"msg":"Theme config loaded.","time":"2017-03-22T03:28:33.323Z","v":0}
{"name":"hexo","hostname":"USER-20160316PU","pid":42772,"level":20,"msg":"Processed: _config.yml","time":"2017-03-22T03:28:33.331Z","v":0}
{"name":"hexo","hostname":"USER-20160316PU","pid":42772,"level":20,"msg":"Processed: source/css/main.styl","time":"2017-03-22T03:28:33.331Z","v":0}
{"name":"hexo","hostname":"USER-20160316PU","pid":42772,"level":20,"msg":"Processed: source/images/algolia_logo.svg","time":"2017-03-22T03:28:33.332Z","v":0}
{"name":"hexo","hostname":"USER-20160316PU","pid":42772,"level":20,"msg":"Processed: source/images/avatar.gif","time":"2017-03-22T03:28:33.332Z","v":0}
{"name":"hexo","hostname":"USER-20160316PU","pid":42772,"level":20,"msg":"Processed: source/images/cc-by-nc-nd.svg","time":"2017-03-22T03:28:33.333Z","v":0}
{"name":"hexo","hostname":"USER-20160316PU","pid":42772,"level":20,"msg":"Processed: source/images/cc-by-nc-sa.svg","time":"2017-03-22T03:28:33.336Z","v":0}
{"name":"hexo","hostname":"USER-20160316PU","pid":42772,"level":20,"msg":"Processed: source/images/cc-by-nc.svg","time":"2017-03-22T03:28:33.336Z","v":0}
{"name":"hexo","hostname":"USER-20160316PU","pid":42772,"level":20,"msg":"Processed: source/images/cc-by-nd.svg","time":"2017-03-22T03:28:33.337Z","v":0}
{"name":"hexo","hostname":"USER-20160316PU","pid":42772,"level":20,"msg":"Processed: source/images/cc-by-sa.svg","time":"2017-03-22T03:28:33.337Z","v":0}
{"name":"hexo","hostname":"USER-20160316PU","pid":42772,"level":20,"msg":"Processed: source/images/cc-by.svg","time":"2017-03-22T03:28:33.337Z","v":0}
{"name":"hexo","hostname":"USER-20160316PU","pid":42772,"level":20,"msg":"Processed: source/images/cc-zero.svg","time":"2017-03-22T03:28:33.337Z","v":0}
{"name":"hexo","hostname":"USER-20160316PU","pid":42772,"level":20,"msg":"Processed: source/images/loading.gif","time":"2017-03-22T03:28:33.338Z","v":0}
{"name":"hexo","hostname":"USER-20160316PU","pid":42772,"level":20,"msg":"Processed: source/images/placeholder.gif","time":"2017-03-22T03:28:33.338Z","v":0}
{"name":"hexo","hostname":"USER-20160316PU","pid":42772,"level":20,"msg":"Processed: source/images/quote-l.svg","time":"2017-03-22T03:28:33.339Z","v":0}
{"name":"hexo","hostname":"USER-20160316PU","pid":42772,"level":20,"msg":"Processed: source/images/quote-r.svg","time":"2017-03-22T03:28:33.339Z","v":0}
{"name":"hexo","hostname":"USER-20160316PU","pid":42772,"level":20,"msg":"Processed: source/images/searchicon.png","time":"2017-03-22T03:28:33.339Z","v":0}
{"name":"hexo","hostname":"USER-20160316PU","pid":42772,"level":20,"msg":"Processed: layout/_layout.swig","time":"2017-03-22T03:28:33.409Z","v":0}
{"name":"hexo","hostname":"USER-20160316PU","pid":42772,"level":20,"msg":"Processed: languages/de.yml","time":"2017-03-22T03:28:33.416Z","v":0}
{"name":"hexo","hostname":"USER-20160316PU","pid":42772,"level":20,"msg":"Processed: languages/default.yml","time":"2017-03-22T03:28:33.416Z","v":0}
{"name":"hexo","hostname":"USER-20160316PU","pid":42772,"level":20,"msg":"Processed: languages/en.yml","time":"2017-03-22T03:28:33.416Z","v":0}
{"name":"hexo","hostname":"USER-20160316PU","pid":42772,"level":20,"msg":"Processed: languages/fr-FR.yml","time":"2017-03-22T03:28:33.416Z","v":0}
{"name":"hexo","hostname":"USER-20160316PU","pid":42772,"level":20,"msg":"Processed: languages/id.yml","time":"2017-03-22T03:28:33.416Z","v":0}
{"name":"hexo","hostname":"USER-20160316PU","pid":42772,"level":20,"msg":"Processed: languages/ja.yml","time":"2017-03-22T03:28:33.417Z","v":0}
{"name":"hexo","hostname":"USER-20160316PU","pid":42772,"level":20,"msg":"Processed: languages/ko.yml","time":"2017-03-22T03:28:33.417Z","v":0}
{"name":"hexo","hostname":"USER-20160316PU","pid":42772,"level":20,"msg":"Processed: languages/pt-BR.yml","time":"2017-03-22T03:28:33.417Z","v":0}
{"name":"hexo","hostname":"USER-20160316PU","pid":42772,"level":20,"msg":"Processed: languages/pt.yml","time":"2017-03-22T03:28:33.417Z","v":0}
{"name":"hexo","hostname":"USER-20160316PU","pid":42772,"level":20,"msg":"Processed: languages/ru.yml","time":"2017-03-22T03:28:33.417Z","v":0}
{"name":"hexo","hostname":"USER-20160316PU","pid":42772,"level":20,"msg":"Processed: languages/zh-hk.yml","time":"2017-03-22T03:28:33.417Z","v":0}
{"name":"hexo","hostname":"USER-20160316PU","pid":42772,"level":20,"msg":"Processed: languages/zh-tw.yml","time":"2017-03-22T03:28:33.417Z","v":0}
{"name":"hexo","hostname":"USER-20160316PU","pid":42772,"level":20,"msg":"Processed: languages/zh-Hans.yml","time":"2017-03-22T03:28:33.417Z","v":0}
{"name":"hexo","hostname":"USER-20160316PU","pid":42772,"level":20,"msg":"Processed: layout/archive.swig","time":"2017-03-22T03:28:33.681Z","v":0}
{"name":"hexo","hostname":"USER-20160316PU","pid":42772,"level":20,"msg":"Processed: layout/category.swig","time":"2017-03-22T03:28:33.681Z","v":0}
{"name":"hexo","hostname":"USER-20160316PU","pid":42772,"level":20,"msg":"Processed: layout/index.swig","time":"2017-03-22T03:28:33.681Z","v":0}
{"name":"hexo","hostname":"USER-20160316PU","pid":42772,"level":20,"msg":"Processed: layout/page.swig","time":"2017-03-22T03:28:33.681Z","v":0}
{"name":"hexo","hostname":"USER-20160316PU","pid":42772,"level":20,"msg":"Processed: layout/post.swig","time":"2017-03-22T03:28:33.682Z","v":0}
{"name":"hexo","hostname":"USER-20160316PU","pid":42772,"level":20,"msg":"Processed: layout/tag.swig","time":"2017-03-22T03:28:33.682Z","v":0}
{"name":"hexo","hostname":"USER-20160316PU","pid":42772,"level":20,"msg":"Processed: layout/schedule.swig","time":"2017-03-22T03:28:33.682Z","v":0}
{"name":"hexo","hostname":"USER-20160316PU","pid":42772,"level":20,"msg":"Processed: source/js/src/affix.js","time":"2017-03-22T03:28:33.698Z","v":0}
{"name":"hexo","hostname":"USER-20160316PU","pid":42772,"level":20,"msg":"Processed: source/js/src/algolia-search.js","time":"2017-03-22T03:28:33.698Z","v":0}
{"name":"hexo","hostname":"USER-20160316PU","pid":42772,"level":20,"msg":"Processed: source/js/src/bootstrap.js","time":"2017-03-22T03:28:33.699Z","v":0}
{"name":"hexo","hostname":"USER-20160316PU","pid":42772,"level":20,"msg":"Processed: source/js/src/exturl.js","time":"2017-03-22T03:28:33.699Z","v":0}
{"name":"hexo","hostname":"USER-20160316PU","pid":42772,"level":20,"msg":"Processed: source/js/src/hook-duoshuo.js","time":"2017-03-22T03:28:33.699Z","v":0}
{"name":"hexo","hostname":"USER-20160316PU","pid":42772,"level":20,"msg":"Processed: source/js/src/motion.js","time":"2017-03-22T03:28:33.700Z","v":0}
{"name":"hexo","hostname":"USER-20160316PU","pid":42772,"level":20,"msg":"Processed: source/js/src/post-details.js","time":"2017-03-22T03:28:33.700Z","v":0}
{"name":"hexo","hostname":"USER-20160316PU","pid":42772,"level":20,"msg":"Processed: source/js/src/scrollspy.js","time":"2017-03-22T03:28:33.706Z","v":0}
{"name":"hexo","hostname":"USER-20160316PU","pid":42772,"level":20,"msg":"Processed: source/js/src/utils.js","time":"2017-03-22T03:28:33.708Z","v":0}
{"name":"hexo","hostname":"USER-20160316PU","pid":42772,"level":20,"msg":"Processed: source/lib/algolia-instant-search/instantsearch.min.css","time":"2017-03-22T03:28:33.709Z","v":0}
{"name":"hexo","hostname":"USER-20160316PU","pid":42772,"level":20,"msg":"Processed: source/lib/canvas-nest/canvas-nest.min.js","time":"2017-03-22T03:28:33.709Z","v":0}
{"name":"hexo","hostname":"USER-20160316PU","pid":42772,"level":20,"msg":"Processed: source/lib/fastclick/LICENSE","time":"2017-03-22T03:28:33.712Z","v":0}
{"name":"hexo","hostname":"USER-20160316PU","pid":42772,"level":20,"msg":"Processed: source/lib/fastclick/README.md","time":"2017-03-22T03:28:33.712Z","v":0}
{"name":"hexo","hostname":"USER-20160316PU","pid":42772,"level":20,"msg":"Processed: source/lib/fastclick/bower.json","time":"2017-03-22T03:28:33.712Z","v":0}
{"name":"hexo","hostname":"USER-20160316PU","pid":42772,"level":20,"msg":"Processed: source/lib/font-awesome/HELP-US-OUT.txt","time":"2017-03-22T03:28:33.712Z","v":0}
{"name":"hexo","hostname":"USER-20160316PU","pid":42772,"level":20,"msg":"Processed: source/lib/font-awesome/bower.json","time":"2017-03-22T03:28:33.713Z","v":0}
{"name":"hexo","hostname":"USER-20160316PU","pid":42772,"level":20,"msg":"Processed: source/lib/jquery_lazyload/CONTRIBUTING.md","time":"2017-03-22T03:28:33.713Z","v":0}
{"name":"hexo","hostname":"USER-20160316PU","pid":42772,"level":20,"msg":"Processed: source/lib/jquery_lazyload/README.md","time":"2017-03-22T03:28:33.713Z","v":0}
{"name":"hexo","hostname":"USER-20160316PU","pid":42772,"level":20,"msg":"Processed: source/lib/jquery_lazyload/bower.json","time":"2017-03-22T03:28:33.713Z","v":0}
{"name":"hexo","hostname":"USER-20160316PU","pid":42772,"level":20,"msg":"Processed: source/lib/jquery_lazyload/jquery.lazyload.js","time":"2017-03-22T03:28:33.713Z","v":0}
{"name":"hexo","hostname":"USER-20160316PU","pid":42772,"level":20,"msg":"Processed: source/lib/jquery_lazyload/jquery.scrollstop.js","time":"2017-03-22T03:28:33.714Z","v":0}
{"name":"hexo","hostname":"USER-20160316PU","pid":42772,"level":20,"msg":"Processed: source/lib/velocity/bower.json","time":"2017-03-22T03:28:33.714Z","v":0}
{"name":"hexo","hostname":"USER-20160316PU","pid":42772,"level":20,"msg":"Processed: source/lib/velocity/velocity.min.js","time":"2017-03-22T03:28:33.716Z","v":0}
{"name":"hexo","hostname":"USER-20160316PU","pid":42772,"level":20,"msg":"Processed: source/lib/velocity/velocity.ui.js","time":"2017-03-22T03:28:33.716Z","v":0}
{"name":"hexo","hostname":"USER-20160316PU","pid":42772,"level":20,"msg":"Processed: source/lib/velocity/velocity.ui.min.js","time":"2017-03-22T03:28:33.716Z","v":0}
{"name":"hexo","hostname":"USER-20160316PU","pid":42772,"level":20,"msg":"Processed: layout/_macro/post-collapse.swig","time":"2017-03-22T03:28:33.791Z","v":0}
{"name":"hexo","hostname":"USER-20160316PU","pid":42772,"level":20,"msg":"Processed: layout/_custom/sidebar.swig","time":"2017-03-22T03:28:33.791Z","v":0}
{"name":"hexo","hostname":"USER-20160316PU","pid":42772,"level":20,"msg":"Processed: layout/_custom/header.swig","time":"2017-03-22T03:28:33.791Z","v":0}
{"name":"hexo","hostname":"USER-20160316PU","pid":42772,"level":20,"msg":"Processed: layout/_macro/post.swig","time":"2017-03-22T03:28:33.791Z","v":0}
{"name":"hexo","hostname":"USER-20160316PU","pid":42772,"level":20,"msg":"Processed: layout/_macro/reward.swig","time":"2017-03-22T03:28:33.791Z","v":0}
{"name":"hexo","hostname":"USER-20160316PU","pid":42772,"level":20,"msg":"Processed: layout/_macro/wechat-subscriber.swig","time":"2017-03-22T03:28:33.791Z","v":0}
{"name":"hexo","hostname":"USER-20160316PU","pid":42772,"level":20,"msg":"Processed: layout/_macro/sidebar.swig","time":"2017-03-22T03:28:33.791Z","v":0}
{"name":"hexo","hostname":"USER-20160316PU","pid":42772,"level":20,"msg":"Processed: layout/_macro/post-copyright.swig","time":"2017-03-22T03:28:33.792Z","v":0}
{"name":"hexo","hostname":"USER-20160316PU","pid":42772,"level":20,"msg":"Processed: source/lib/jquery/index.js","time":"2017-03-22T03:28:33.793Z","v":0}
{"name":"hexo","hostname":"USER-20160316PU","pid":42772,"level":20,"msg":"Processed: layout/_partials/footer.swig","time":"2017-03-22T03:28:33.837Z","v":0}
{"name":"hexo","hostname":"USER-20160316PU","pid":42772,"level":20,"msg":"Processed: layout/_partials/comments.swig","time":"2017-03-22T03:28:33.838Z","v":0}
{"name":"hexo","hostname":"USER-20160316PU","pid":42772,"level":20,"msg":"Processed: layout/_partials/header.swig","time":"2017-03-22T03:28:33.838Z","v":0}
{"name":"hexo","hostname":"USER-20160316PU","pid":42772,"level":20,"msg":"Processed: layout/_partials/page-header.swig","time":"2017-03-22T03:28:33.838Z","v":0}
{"name":"hexo","hostname":"USER-20160316PU","pid":42772,"level":20,"msg":"Processed: layout/_partials/search.swig","time":"2017-03-22T03:28:33.838Z","v":0}
{"name":"hexo","hostname":"USER-20160316PU","pid":42772,"level":20,"msg":"Processed: layout/_partials/pagination.swig","time":"2017-03-22T03:28:33.838Z","v":0}
{"name":"hexo","hostname":"USER-20160316PU","pid":42772,"level":20,"msg":"Processed: layout/_partials/head.swig","time":"2017-03-22T03:28:33.838Z","v":0}
{"name":"hexo","hostname":"USER-20160316PU","pid":42772,"level":20,"msg":"Processed: layout/_scripts/boostrap.swig","time":"2017-03-22T03:28:33.838Z","v":0}
{"name":"hexo","hostname":"USER-20160316PU","pid":42772,"level":20,"msg":"Processed: layout/_scripts/vendors.swig","time":"2017-03-22T03:28:33.838Z","v":0}
{"name":"hexo","hostname":"USER-20160316PU","pid":42772,"level":20,"msg":"Processed: layout/_scripts/commons.swig","time":"2017-03-22T03:28:33.838Z","v":0}
{"name":"hexo","hostname":"USER-20160316PU","pid":42772,"level":20,"msg":"Processed: layout/_third-party/exturl.swig","time":"2017-03-22T03:28:33.838Z","v":0}
{"name":"hexo","hostname":"USER-20160316PU","pid":42772,"level":20,"msg":"Processed: layout/_third-party/mathjax.swig","time":"2017-03-22T03:28:33.838Z","v":0}
{"name":"hexo","hostname":"USER-20160316PU","pid":42772,"level":20,"msg":"Processed: layout/_third-party/duoshuo-hot-articles.swig","time":"2017-03-22T03:28:33.838Z","v":0}
{"name":"hexo","hostname":"USER-20160316PU","pid":42772,"level":20,"msg":"Processed: layout/_third-party/schedule.swig","time":"2017-03-22T03:28:33.838Z","v":0}
{"name":"hexo","hostname":"USER-20160316PU","pid":42772,"level":20,"msg":"Processed: source/js/src/schemes/pisces.js","time":"2017-03-22T03:28:33.843Z","v":0}
{"name":"hexo","hostname":"USER-20160316PU","pid":42772,"level":20,"msg":"Processed: source/lib/fancybox/source/blank.gif","time":"2017-03-22T03:28:33.843Z","v":0}
{"name":"hexo","hostname":"USER-20160316PU","pid":42772,"level":20,"msg":"Processed: source/lib/fancybox/source/fancybox_loading.gif","time":"2017-03-22T03:28:33.843Z","v":0}
{"name":"hexo","hostname":"USER-20160316PU","pid":42772,"level":20,"msg":"Processed: source/lib/fancybox/source/fancybox_loading@2x.gif","time":"2017-03-22T03:28:33.843Z","v":0}
{"name":"hexo","hostname":"USER-20160316PU","pid":42772,"level":20,"msg":"Processed: source/lib/fancybox/source/fancybox_overlay.png","time":"2017-03-22T03:28:33.843Z","v":0}
{"name":"hexo","hostname":"USER-20160316PU","pid":42772,"level":20,"msg":"Processed: source/lib/fancybox/source/fancybox_sprite.png","time":"2017-03-22T03:28:33.844Z","v":0}
{"name":"hexo","hostname":"USER-20160316PU","pid":42772,"level":20,"msg":"Processed: source/lib/fancybox/source/fancybox_sprite@2x.png","time":"2017-03-22T03:28:33.844Z","v":0}
{"name":"hexo","hostname":"USER-20160316PU","pid":42772,"level":20,"msg":"Processed: source/lib/fancybox/source/jquery.fancybox.css","time":"2017-03-22T03:28:33.844Z","v":0}
{"name":"hexo","hostname":"USER-20160316PU","pid":42772,"level":20,"msg":"Processed: source/lib/fancybox/source/jquery.fancybox.js","time":"2017-03-22T03:28:33.844Z","v":0}
{"name":"hexo","hostname":"USER-20160316PU","pid":42772,"level":20,"msg":"Processed: source/lib/fancybox/source/jquery.fancybox.pack.js","time":"2017-03-22T03:28:33.844Z","v":0}
{"name":"hexo","hostname":"USER-20160316PU","pid":42772,"level":20,"msg":"Processed: source/lib/fastclick/lib/fastclick.js","time":"2017-03-22T03:28:33.845Z","v":0}
{"name":"hexo","hostname":"USER-20160316PU","pid":42772,"level":20,"msg":"Processed: source/lib/fastclick/lib/fastclick.min.js","time":"2017-03-22T03:28:33.845Z","v":0}
{"name":"hexo","hostname":"USER-20160316PU","pid":42772,"level":20,"msg":"Processed: source/lib/font-awesome/css/font-awesome.css","time":"2017-03-22T03:28:33.845Z","v":0}
{"name":"hexo","hostname":"USER-20160316PU","pid":42772,"level":20,"msg":"Processed: source/lib/font-awesome/css/font-awesome.css.map","time":"2017-03-22T03:28:33.845Z","v":0}
{"name":"hexo","hostname":"USER-20160316PU","pid":42772,"level":20,"msg":"Processed: source/lib/font-awesome/css/font-awesome.min.css","time":"2017-03-22T03:28:33.845Z","v":0}
{"name":"hexo","hostname":"USER-20160316PU","pid":42772,"level":20,"msg":"Processed: source/lib/ua-parser-js/dist/ua-parser.min.js","time":"2017-03-22T03:28:33.845Z","v":0}
{"name":"hexo","hostname":"USER-20160316PU","pid":42772,"level":20,"msg":"Processed: source/lib/ua-parser-js/dist/ua-parser.pack.js","time":"2017-03-22T03:28:33.846Z","v":0}
{"name":"hexo","hostname":"USER-20160316PU","pid":42772,"level":20,"msg":"Processed: layout/_scripts/schemes/mist.swig","time":"2017-03-22T03:28:33.852Z","v":0}
{"name":"hexo","hostname":"USER-20160316PU","pid":42772,"level":20,"msg":"Processed: layout/_scripts/schemes/muse.swig","time":"2017-03-22T03:28:33.852Z","v":0}
{"name":"hexo","hostname":"USER-20160316PU","pid":42772,"level":20,"msg":"Processed: source/lib/font-awesome/fonts/fontawesome-webfont.woff","time":"2017-03-22T03:28:33.853Z","v":0}
{"name":"hexo","hostname":"USER-20160316PU","pid":42772,"level":20,"msg":"Processed: source/lib/font-awesome/fonts/fontawesome-webfont.woff2","time":"2017-03-22T03:28:33.854Z","v":0}
{"name":"hexo","hostname":"USER-20160316PU","pid":42772,"level":20,"msg":"Processed: source/lib/velocity/velocity.js","time":"2017-03-22T03:28:33.854Z","v":0}
{"name":"hexo","hostname":"USER-20160316PU","pid":42772,"level":20,"msg":"Processed: layout/_partials/head/external-fonts.swig","time":"2017-03-22T03:28:33.912Z","v":0}
{"name":"hexo","hostname":"USER-20160316PU","pid":42772,"level":20,"msg":"Processed: layout/_partials/head/custom-head.swig","time":"2017-03-22T03:28:33.913Z","v":0}
{"name":"hexo","hostname":"USER-20160316PU","pid":42772,"level":20,"msg":"Processed: layout/_partials/search/localsearch.swig","time":"2017-03-22T03:28:33.913Z","v":0}
{"name":"hexo","hostname":"USER-20160316PU","pid":42772,"level":20,"msg":"Processed: layout/_partials/search/swiftype.swig","time":"2017-03-22T03:28:33.913Z","v":0}
{"name":"hexo","hostname":"USER-20160316PU","pid":42772,"level":20,"msg":"Processed: layout/_partials/search/tinysou.swig","time":"2017-03-22T03:28:33.913Z","v":0}
{"name":"hexo","hostname":"USER-20160316PU","pid":42772,"level":20,"msg":"Processed: layout/_partials/share/baidushare.swig","time":"2017-03-22T03:28:33.913Z","v":0}
{"name":"hexo","hostname":"USER-20160316PU","pid":42772,"level":20,"msg":"Processed: layout/_partials/share/add-this.swig","time":"2017-03-22T03:28:33.913Z","v":0}
{"name":"hexo","hostname":"USER-20160316PU","pid":42772,"level":20,"msg":"Processed: layout/_partials/share/duoshuo_share.swig","time":"2017-03-22T03:28:33.913Z","v":0}
{"name":"hexo","hostname":"USER-20160316PU","pid":42772,"level":20,"msg":"Processed: layout/_scripts/pages/post-details.swig","time":"2017-03-22T03:28:33.913Z","v":0}
{"name":"hexo","hostname":"USER-20160316PU","pid":42772,"level":20,"msg":"Processed: layout/_scripts/schemes/pisces.swig","time":"2017-03-22T03:28:33.914Z","v":0}
{"name":"hexo","hostname":"USER-20160316PU","pid":42772,"level":20,"msg":"Processed: layout/_third-party/analytics/application-insights.swig","time":"2017-03-22T03:28:33.914Z","v":0}
{"name":"hexo","hostname":"USER-20160316PU","pid":42772,"level":20,"msg":"Processed: layout/_third-party/analytics/baidu-analytics.swig","time":"2017-03-22T03:28:33.914Z","v":0}
{"name":"hexo","hostname":"USER-20160316PU","pid":42772,"level":20,"msg":"Processed: layout/_third-party/analytics/busuanzi-counter.swig","time":"2017-03-22T03:28:33.914Z","v":0}
{"name":"hexo","hostname":"USER-20160316PU","pid":42772,"level":20,"msg":"Processed: layout/_third-party/analytics/cnzz-analytics.swig","time":"2017-03-22T03:28:33.914Z","v":0}
{"name":"hexo","hostname":"USER-20160316PU","pid":42772,"level":20,"msg":"Processed: layout/_third-party/analytics/facebook-sdk.swig","time":"2017-03-22T03:28:33.914Z","v":0}
{"name":"hexo","hostname":"USER-20160316PU","pid":42772,"level":20,"msg":"Processed: layout/_third-party/analytics/google-analytics.swig","time":"2017-03-22T03:28:33.914Z","v":0}
{"name":"hexo","hostname":"USER-20160316PU","pid":42772,"level":20,"msg":"Processed: layout/_partials/share/jiathis.swig","time":"2017-03-22T03:28:33.914Z","v":0}
{"name":"hexo","hostname":"USER-20160316PU","pid":42772,"level":20,"msg":"Processed: layout/_third-party/analytics/index.swig","time":"2017-03-22T03:28:33.914Z","v":0}
{"name":"hexo","hostname":"USER-20160316PU","pid":42772,"level":20,"msg":"Processed: layout/_third-party/analytics/lean-analytics.swig","time":"2017-03-22T03:28:33.914Z","v":0}
{"name":"hexo","hostname":"USER-20160316PU","pid":42772,"level":20,"msg":"Processed: layout/_third-party/analytics/tencent-analytics.swig","time":"2017-03-22T03:28:33.914Z","v":0}
{"name":"hexo","hostname":"USER-20160316PU","pid":42772,"level":20,"msg":"Processed: layout/_third-party/analytics/tencent-mta.swig","time":"2017-03-22T03:28:33.914Z","v":0}
{"name":"hexo","hostname":"USER-20160316PU","pid":42772,"level":20,"msg":"Processed: layout/_third-party/analytics/vkontakte-api.swig","time":"2017-03-22T03:28:33.914Z","v":0}
{"name":"hexo","hostname":"USER-20160316PU","pid":42772,"level":20,"msg":"Processed: layout/_third-party/comments/changyan.swig","time":"2017-03-22T03:28:33.914Z","v":0}
{"name":"hexo","hostname":"USER-20160316PU","pid":42772,"level":20,"msg":"Processed: layout/_third-party/comments/duoshuo.swig","time":"2017-03-22T03:28:33.914Z","v":0}
{"name":"hexo","hostname":"USER-20160316PU","pid":42772,"level":20,"msg":"Processed: layout/_third-party/comments/disqus.swig","time":"2017-03-22T03:28:33.916Z","v":0}
{"name":"hexo","hostname":"USER-20160316PU","pid":42772,"level":20,"msg":"Processed: layout/_third-party/comments/gentie.swig","time":"2017-03-22T03:28:33.916Z","v":0}
{"name":"hexo","hostname":"USER-20160316PU","pid":42772,"level":20,"msg":"Processed: layout/_third-party/comments/hypercomments.swig","time":"2017-03-22T03:28:33.916Z","v":0}
{"name":"hexo","hostname":"USER-20160316PU","pid":42772,"level":20,"msg":"Processed: layout/_third-party/comments/index.swig","time":"2017-03-22T03:28:33.916Z","v":0}
{"name":"hexo","hostname":"USER-20160316PU","pid":42772,"level":20,"msg":"Processed: layout/_third-party/comments/livere.swig","time":"2017-03-22T03:28:33.916Z","v":0}
{"name":"hexo","hostname":"USER-20160316PU","pid":42772,"level":20,"msg":"Processed: layout/_third-party/search/index.swig","time":"2017-03-22T03:28:33.916Z","v":0}
{"name":"hexo","hostname":"USER-20160316PU","pid":42772,"level":20,"msg":"Processed: layout/_third-party/comments/youyan.swig","time":"2017-03-22T03:28:33.916Z","v":0}
{"name":"hexo","hostname":"USER-20160316PU","pid":42772,"level":20,"msg":"Processed: layout/_third-party/search/localsearch.swig","time":"2017-03-22T03:28:33.916Z","v":0}
{"name":"hexo","hostname":"USER-20160316PU","pid":42772,"level":20,"msg":"Processed: layout/_third-party/search/tinysou.swig","time":"2017-03-22T03:28:33.916Z","v":0}
{"name":"hexo","hostname":"USER-20160316PU","pid":42772,"level":20,"msg":"Processed: layout/_third-party/seo/baidu-push.swig","time":"2017-03-22T03:28:33.916Z","v":0}
{"name":"hexo","hostname":"USER-20160316PU","pid":42772,"level":20,"msg":"Processed: source/lib/fancybox/source/helpers/fancybox_buttons.png","time":"2017-03-22T03:28:33.926Z","v":0}
{"name":"hexo","hostname":"USER-20160316PU","pid":42772,"level":20,"msg":"Processed: source/lib/fancybox/source/helpers/jquery.fancybox-buttons.css","time":"2017-03-22T03:28:33.927Z","v":0}
{"name":"hexo","hostname":"USER-20160316PU","pid":42772,"level":20,"msg":"Processed: source/lib/fancybox/source/helpers/jquery.fancybox-buttons.js","time":"2017-03-22T03:28:33.927Z","v":0}
{"name":"hexo","hostname":"USER-20160316PU","pid":42772,"level":20,"msg":"Processed: source/lib/fancybox/source/helpers/jquery.fancybox-media.js","time":"2017-03-22T03:28:33.929Z","v":0}
{"name":"hexo","hostname":"USER-20160316PU","pid":42772,"level":20,"msg":"Processed: source/lib/fancybox/source/helpers/jquery.fancybox-thumbs.css","time":"2017-03-22T03:28:33.929Z","v":0}
{"name":"hexo","hostname":"USER-20160316PU","pid":42772,"level":20,"msg":"Processed: source/lib/fancybox/source/helpers/jquery.fancybox-thumbs.js","time":"2017-03-22T03:28:33.929Z","v":0}
{"name":"hexo","hostname":"USER-20160316PU","pid":42772,"level":20,"msg":"Processed: source/lib/font-awesome/fonts/FontAwesome.otf","time":"2017-03-22T03:28:33.929Z","v":0}
{"name":"hexo","hostname":"USER-20160316PU","pid":42772,"level":20,"msg":"Processed: source/lib/font-awesome/fonts/fontawesome-webfont.eot","time":"2017-03-22T03:28:33.930Z","v":0}
{"name":"hexo","hostname":"USER-20160316PU","pid":42772,"level":20,"msg":"Processed: source/lib/font-awesome/fonts/fontawesome-webfont.ttf","time":"2017-03-22T03:28:33.930Z","v":0}
{"name":"hexo","hostname":"USER-20160316PU","pid":42772,"level":20,"msg":"Processed: layout/_third-party/search/algolia-search/dom.swig","time":"2017-03-22T03:28:33.938Z","v":0}
{"name":"hexo","hostname":"USER-20160316PU","pid":42772,"level":20,"msg":"Processed: layout/_third-party/search/algolia-search/assets.swig","time":"2017-03-22T03:28:33.939Z","v":0}
{"name":"hexo","hostname":"USER-20160316PU","pid":42772,"level":20,"msg":"Processed: source/lib/algolia-instant-search/instantsearch.min.js","time":"2017-03-22T03:28:33.939Z","v":0}
{"name":"hexo","hostname":"USER-20160316PU","pid":42772,"level":20,"msg":"Processed: source/lib/font-awesome/fonts/fontawesome-webfont.svg","time":"2017-03-22T03:28:33.945Z","v":0}
{"name":"hexo","hostname":"USER-20160316PU","pid":42772,"level":20,"msg":"Generator: page","time":"2017-03-22T03:28:34.325Z","v":0}
{"name":"hexo","hostname":"USER-20160316PU","pid":42772,"level":20,"msg":"Generator: post","time":"2017-03-22T03:28:34.325Z","v":0}
{"name":"hexo","hostname":"USER-20160316PU","pid":42772,"level":20,"msg":"Generator: archive","time":"2017-03-22T03:28:34.326Z","v":0}
{"name":"hexo","hostname":"USER-20160316PU","pid":42772,"level":20,"msg":"Generator: category","time":"2017-03-22T03:28:34.326Z","v":0}
{"name":"hexo","hostname":"USER-20160316PU","pid":42772,"level":20,"msg":"Generator: index","time":"2017-03-22T03:28:34.326Z","v":0}
{"name":"hexo","hostname":"USER-20160316PU","pid":42772,"level":20,"msg":"Generator: tag","time":"2017-03-22T03:28:34.326Z","v":0}
{"name":"hexo","hostname":"USER-20160316PU","pid":42772,"level":20,"msg":"Generator: asset","time":"2017-03-22T03:28:34.328Z","v":0}
{"name":"hexo","hostname":"USER-20160316PU","pid":42772,"level":30,"msg":"Hexo is running at http://localhost:4000/. Press Ctrl+C to stop.","time":"2017-03-22T03:28:34.339Z","v":0}
{"name":"hexo","hostname":"USER-20160316PU","pid":42772,"level":20,"msg":"Database saved","time":"2017-03-22T03:28:34.363Z","v":0}
{"name":"hexo","hostname":"USER-20160316PU","pid":42772,"level":20,"msg":"Rendering index: index.html","time":"2017-03-22T03:28:40.249Z","v":0}
{"name":"hexo","hostname":"USER-20160316PU","pid":42772,"level":20,"msg":"Theme config loaded.","time":"2017-03-22T03:29:46.563Z","v":0}
{"name":"hexo","hostname":"USER-20160316PU","pid":42772,"level":20,"msg":"Processed: _config.yml___jb_tmp___","time":"2017-03-22T03:29:46.563Z","v":0}
{"name":"hexo","hostname":"USER-20160316PU","pid":42772,"level":20,"msg":"Theme config loaded.","time":"2017-03-22T03:29:46.587Z","v":0}
{"name":"hexo","hostname":"USER-20160316PU","pid":42772,"level":20,"msg":"Processed: _config.yml","time":"2017-03-22T03:29:46.587Z","v":0}
{"name":"hexo","hostname":"USER-20160316PU","pid":42772,"level":20,"msg":"Processed: _config.yml___jb_tmp___","time":"2017-03-22T03:29:46.682Z","v":0}
{"name":"hexo","hostname":"USER-20160316PU","pid":42772,"level":20,"msg":"Generator: page","time":"2017-03-22T03:29:46.801Z","v":0}
{"name":"hexo","hostname":"USER-20160316PU","pid":42772,"level":20,"msg":"Generator: post","time":"2017-03-22T03:29:46.801Z","v":0}
{"name":"hexo","hostname":"USER-20160316PU","pid":42772,"level":20,"msg":"Generator: archive","time":"2017-03-22T03:29:46.801Z","v":0}
{"name":"hexo","hostname":"USER-20160316PU","pid":42772,"level":20,"msg":"Generator: category","time":"2017-03-22T03:29:46.802Z","v":0}
{"name":"hexo","hostname":"USER-20160316PU","pid":42772,"level":20,"msg":"Generator: index","time":"2017-03-22T03:29:46.803Z","v":0}
{"name":"hexo","hostname":"USER-20160316PU","pid":42772,"level":20,"msg":"Generator: tag","time":"2017-03-22T03:29:46.803Z","v":0}
{"name":"hexo","hostname":"USER-20160316PU","pid":42772,"level":20,"msg":"Generator: asset","time":"2017-03-22T03:29:46.811Z","v":0}
